mode: set
github.com/aether-defense-system/service/trade/rpc/internal/logic/cancelorderlogic.go:23.93,29.2 1 1
github.com/aether-defense-system/service/trade/rpc/internal/logic/cancelorderlogic.go:38.103,39.16 1 1
github.com/aether-defense-system/service/trade/rpc/internal/logic/cancelorderlogic.go:39.16,42.3 2 1
github.com/aether-defense-system/service/trade/rpc/internal/logic/cancelorderlogic.go:44.2,44.21 1 1
github.com/aether-defense-system/service/trade/rpc/internal/logic/cancelorderlogic.go:44.21,47.3 2 1
github.com/aether-defense-system/service/trade/rpc/internal/logic/cancelorderlogic.go:49.2,49.22 1 1
github.com/aether-defense-system/service/trade/rpc/internal/logic/cancelorderlogic.go:49.22,52.3 2 1
github.com/aether-defense-system/service/trade/rpc/internal/logic/cancelorderlogic.go:54.2,57.31 2 1
github.com/aether-defense-system/service/trade/rpc/internal/logic/cancelorderlogic.go:57.31,60.3 2 1
github.com/aether-defense-system/service/trade/rpc/internal/logic/cancelorderlogic.go:62.2,63.16 2 0
github.com/aether-defense-system/service/trade/rpc/internal/logic/cancelorderlogic.go:63.16,66.3 2 0
github.com/aether-defense-system/service/trade/rpc/internal/logic/cancelorderlogic.go:69.2,69.32 1 0
github.com/aether-defense-system/service/trade/rpc/internal/logic/cancelorderlogic.go:69.32,73.3 2 0
github.com/aether-defense-system/service/trade/rpc/internal/logic/cancelorderlogic.go:76.2,76.56 1 0
github.com/aether-defense-system/service/trade/rpc/internal/logic/cancelorderlogic.go:76.56,79.3 2 0
github.com/aether-defense-system/service/trade/rpc/internal/logic/cancelorderlogic.go:82.2,89.16 2 0
github.com/aether-defense-system/service/trade/rpc/internal/logic/cancelorderlogic.go:89.16,92.3 2 0
github.com/aether-defense-system/service/trade/rpc/internal/logic/cancelorderlogic.go:94.2,105.8 2 0
github.com/aether-defense-system/service/trade/rpc/internal/logic/placeorderlogic.go:28.96,34.2 1 1
github.com/aether-defense-system/service/trade/rpc/internal/logic/placeorderlogic.go:51.99,53.16 1 1
github.com/aether-defense-system/service/trade/rpc/internal/logic/placeorderlogic.go:53.16,56.3 2 1
github.com/aether-defense-system/service/trade/rpc/internal/logic/placeorderlogic.go:58.2,58.21 1 1
github.com/aether-defense-system/service/trade/rpc/internal/logic/placeorderlogic.go:58.21,61.3 2 1
github.com/aether-defense-system/service/trade/rpc/internal/logic/placeorderlogic.go:63.2,63.22 1 1
github.com/aether-defense-system/service/trade/rpc/internal/logic/placeorderlogic.go:63.22,66.3 2 1
github.com/aether-defense-system/service/trade/rpc/internal/logic/placeorderlogic.go:68.2,68.29 1 1
github.com/aether-defense-system/service/trade/rpc/internal/logic/placeorderlogic.go:68.29,71.3 2 1
github.com/aether-defense-system/service/trade/rpc/internal/logic/placeorderlogic.go:73.2,73.25 1 1
github.com/aether-defense-system/service/trade/rpc/internal/logic/placeorderlogic.go:73.25,76.3 2 1
github.com/aether-defense-system/service/trade/rpc/internal/logic/placeorderlogic.go:79.2,79.29 1 1
github.com/aether-defense-system/service/trade/rpc/internal/logic/placeorderlogic.go:79.29,82.3 2 1
github.com/aether-defense-system/service/trade/rpc/internal/logic/placeorderlogic.go:84.2,85.16 2 1
github.com/aether-defense-system/service/trade/rpc/internal/logic/placeorderlogic.go:85.16,88.3 2 1
github.com/aether-defense-system/service/trade/rpc/internal/logic/placeorderlogic.go:89.2,94.30 2 1
github.com/aether-defense-system/service/trade/rpc/internal/logic/placeorderlogic.go:94.30,96.107 1 1
github.com/aether-defense-system/service/trade/rpc/internal/logic/placeorderlogic.go:96.107,99.72 2 0
github.com/aether-defense-system/service/trade/rpc/internal/logic/placeorderlogic.go:99.72,102.5 2 0
github.com/aether-defense-system/service/trade/rpc/internal/logic/placeorderlogic.go:107.4,119.24 3 0
github.com/aether-defense-system/service/trade/rpc/internal/logic/placeorderlogic.go:119.24,122.5 2 0
github.com/aether-defense-system/service/trade/rpc/internal/logic/placeorderlogic.go:123.4,123.32 1 0
github.com/aether-defense-system/service/trade/rpc/internal/logic/placeorderlogic.go:123.32,126.5 2 0
github.com/aether-defense-system/service/trade/rpc/internal/logic/placeorderlogic.go:127.4,129.48 3 0
github.com/aether-defense-system/service/trade/rpc/internal/logic/placeorderlogic.go:129.48,131.27 2 0
github.com/aether-defense-system/service/trade/rpc/internal/logic/placeorderlogic.go:131.27,133.6 1 0
github.com/aether-defense-system/service/trade/rpc/internal/logic/placeorderlogic.go:134.5,145.42 2 0
github.com/aether-defense-system/service/trade/rpc/internal/logic/placeorderlogic.go:149.4,149.33 1 0
github.com/aether-defense-system/service/trade/rpc/internal/logic/placeorderlogic.go:149.33,152.5 2 0
github.com/aether-defense-system/service/trade/rpc/internal/logic/placeorderlogic.go:154.4,154.93 1 0
github.com/aether-defense-system/service/trade/rpc/internal/logic/placeorderlogic.go:154.93,157.5 2 0
github.com/aether-defense-system/service/trade/rpc/internal/logic/placeorderlogic.go:159.4,160.37 2 0
github.com/aether-defense-system/service/trade/rpc/internal/logic/placeorderlogic.go:164.3,164.103 1 1
github.com/aether-defense-system/service/trade/rpc/internal/logic/placeorderlogic.go:164.103,166.72 2 0
github.com/aether-defense-system/service/trade/rpc/internal/logic/placeorderlogic.go:166.72,169.5 2 0
github.com/aether-defense-system/service/trade/rpc/internal/logic/placeorderlogic.go:171.4,171.33 1 0
github.com/aether-defense-system/service/trade/rpc/internal/logic/placeorderlogic.go:171.33,173.5 1 0
github.com/aether-defense-system/service/trade/rpc/internal/logic/placeorderlogic.go:176.4,177.21 2 0
github.com/aether-defense-system/service/trade/rpc/internal/logic/placeorderlogic.go:177.21,180.5 2 0
github.com/aether-defense-system/service/trade/rpc/internal/logic/placeorderlogic.go:183.4,184.37 2 0
github.com/aether-defense-system/service/trade/rpc/internal/logic/placeorderlogic.go:187.3,188.25 2 1
github.com/aether-defense-system/service/trade/rpc/internal/logic/placeorderlogic.go:188.25,191.4 2 1
github.com/aether-defense-system/service/trade/rpc/internal/logic/placeorderlogic.go:192.3,192.31 1 0
github.com/aether-defense-system/service/trade/rpc/internal/logic/placeorderlogic.go:196.2,203.16 3 0
github.com/aether-defense-system/service/trade/rpc/internal/logic/placeorderlogic.go:203.16,206.3 2 0
github.com/aether-defense-system/service/trade/rpc/internal/logic/placeorderlogic.go:209.2,216.16 5 0
github.com/aether-defense-system/service/trade/rpc/internal/logic/placeorderlogic.go:216.16,219.3 2 0
github.com/aether-defense-system/service/trade/rpc/internal/logic/placeorderlogic.go:221.2,234.8 2 0
