mode: set
github.com/aether-defense-system/service/user/api/internal/logic/getuserlogic.go:22.85,28.2 1 1
github.com/aether-defense-system/service/user/api/internal/logic/getuserlogic.go:31.91,32.21 1 1
github.com/aether-defense-system/service/user/api/internal/logic/getuserlogic.go:32.21,35.3 2 1
github.com/aether-defense-system/service/user/api/internal/logic/getuserlogic.go:37.2,40.16 2 1
github.com/aether-defense-system/service/user/api/internal/logic/getuserlogic.go:40.16,42.3 1 1
github.com/aether-defense-system/service/user/api/internal/logic/getuserlogic.go:44.2,48.8 1 1
github.com/aether-defense-system/service/trade/api/internal/logic/placeorderlogic.go:24.91,30.2 1 1
github.com/aether-defense-system/service/trade/api/internal/logic/placeorderlogic.go:33.118,35.29 1 1
github.com/aether-defense-system/service/trade/api/internal/logic/placeorderlogic.go:35.29,38.3 2 1
github.com/aether-defense-system/service/trade/api/internal/logic/placeorderlogic.go:39.2,39.30 1 1
github.com/aether-defense-system/service/trade/api/internal/logic/placeorderlogic.go:39.30,42.3 2 1
github.com/aether-defense-system/service/trade/api/internal/logic/placeorderlogic.go:43.2,43.41 1 1
github.com/aether-defense-system/service/trade/api/internal/logic/placeorderlogic.go:43.41,44.20 1 1
github.com/aether-defense-system/service/trade/api/internal/logic/placeorderlogic.go:44.20,47.4 2 1
github.com/aether-defense-system/service/trade/api/internal/logic/placeorderlogic.go:51.2,51.29 1 1
github.com/aether-defense-system/service/trade/api/internal/logic/placeorderlogic.go:51.29,54.3 2 1
github.com/aether-defense-system/service/trade/api/internal/logic/placeorderlogic.go:55.2,55.41 1 1
github.com/aether-defense-system/service/trade/api/internal/logic/placeorderlogic.go:55.41,56.20 1 1
github.com/aether-defense-system/service/trade/api/internal/logic/placeorderlogic.go:56.20,59.4 2 1
github.com/aether-defense-system/service/trade/api/internal/logic/placeorderlogic.go:63.2,63.21 1 1
github.com/aether-defense-system/service/trade/api/internal/logic/placeorderlogic.go:63.21,66.3 2 1
github.com/aether-defense-system/service/trade/api/internal/logic/placeorderlogic.go:69.2,70.18 2 1
github.com/aether-defense-system/service/trade/api/internal/logic/placeorderlogic.go:70.18,72.17 2 1
github.com/aether-defense-system/service/trade/api/internal/logic/placeorderlogic.go:72.17,75.4 2 0
github.com/aether-defense-system/service/trade/api/internal/logic/placeorderlogic.go:80.2,92.16 4 1
github.com/aether-defense-system/service/trade/api/internal/logic/placeorderlogic.go:92.16,95.3 2 1
github.com/aether-defense-system/service/trade/api/internal/logic/placeorderlogic.go:97.2,101.8 1 1
