mode: atomic
github.com/aether-defense-system/service/promotion/rpc/internal/logic/decrstocklogic.go:22.89,28.2 1 1
github.com/aether-defense-system/service/promotion/rpc/internal/logic/decrstocklogic.go:39.95,40.16 1 4
github.com/aether-defense-system/service/promotion/rpc/internal/logic/decrstocklogic.go:40.16,43.3 2 1
github.com/aether-defense-system/service/promotion/rpc/internal/logic/decrstocklogic.go:45.2,45.23 1 3
github.com/aether-defense-system/service/promotion/rpc/internal/logic/decrstocklogic.go:45.23,48.3 2 1
github.com/aether-defense-system/service/promotion/rpc/internal/logic/decrstocklogic.go:50.2,50.18 1 2
github.com/aether-defense-system/service/promotion/rpc/internal/logic/decrstocklogic.go:50.18,53.3 2 1
github.com/aether-defense-system/service/promotion/rpc/internal/logic/decrstocklogic.go:55.2,62.8 2 1
github.com/aether-defense-system/service/trade/rpc/internal/logic/cancelorderlogic.go:22.93,28.2 1 0
github.com/aether-defense-system/service/trade/rpc/internal/logic/cancelorderlogic.go:39.103,40.16 1 0
github.com/aether-defense-system/service/trade/rpc/internal/logic/cancelorderlogic.go:40.16,43.3 2 0
github.com/aether-defense-system/service/trade/rpc/internal/logic/cancelorderlogic.go:45.2,45.21 1 0
github.com/aether-defense-system/service/trade/rpc/internal/logic/cancelorderlogic.go:45.21,48.3 2 0
github.com/aether-defense-system/service/trade/rpc/internal/logic/cancelorderlogic.go:50.2,50.22 1 0
github.com/aether-defense-system/service/trade/rpc/internal/logic/cancelorderlogic.go:50.22,53.3 2 0
github.com/aether-defense-system/service/trade/rpc/internal/logic/cancelorderlogic.go:55.2,70.8 2 0
github.com/aether-defense-system/service/trade/rpc/internal/logic/placeorderlogic.go:22.91,28.2 1 0
github.com/aether-defense-system/service/trade/rpc/internal/logic/placeorderlogic.go:40.99,42.16 1 0
github.com/aether-defense-system/service/trade/rpc/internal/logic/placeorderlogic.go:42.16,45.3 2 0
github.com/aether-defense-system/service/trade/rpc/internal/logic/placeorderlogic.go:47.2,47.21 1 0
github.com/aether-defense-system/service/trade/rpc/internal/logic/placeorderlogic.go:47.21,50.3 2 0
github.com/aether-defense-system/service/trade/rpc/internal/logic/placeorderlogic.go:52.2,52.22 1 0
github.com/aether-defense-system/service/trade/rpc/internal/logic/placeorderlogic.go:52.22,55.3 2 0
github.com/aether-defense-system/service/trade/rpc/internal/logic/placeorderlogic.go:57.2,57.29 1 0
github.com/aether-defense-system/service/trade/rpc/internal/logic/placeorderlogic.go:57.29,60.3 2 0
github.com/aether-defense-system/service/trade/rpc/internal/logic/placeorderlogic.go:62.2,62.25 1 0
github.com/aether-defense-system/service/trade/rpc/internal/logic/placeorderlogic.go:62.25,65.3 2 0
github.com/aether-defense-system/service/trade/rpc/internal/logic/placeorderlogic.go:72.2,81.8 2 0
github.com/aether-defense-system/service/user/rpc/internal/logic/getuserlogic.go:22.85,28.2 1 0
github.com/aether-defense-system/service/user/rpc/internal/logic/getuserlogic.go:39.87,40.16 1 0
github.com/aether-defense-system/service/user/rpc/internal/logic/getuserlogic.go:40.16,43.3 2 0
github.com/aether-defense-system/service/user/rpc/internal/logic/getuserlogic.go:45.2,45.21 1 0
github.com/aether-defense-system/service/user/rpc/internal/logic/getuserlogic.go:45.21,48.3 2 0
github.com/aether-defense-system/service/user/rpc/internal/logic/getuserlogic.go:50.2,58.8 2 0
github.com/aether-defense-system/service/promotion/rpc/internal/logic/decrstocklogic.go:22.89,28.2 1 0
github.com/aether-defense-system/service/promotion/rpc/internal/logic/decrstocklogic.go:39.95,40.16 1 0
github.com/aether-defense-system/service/promotion/rpc/internal/logic/decrstocklogic.go:40.16,43.3 2 0
github.com/aether-defense-system/service/promotion/rpc/internal/logic/decrstocklogic.go:45.2,45.23 1 0
github.com/aether-defense-system/service/promotion/rpc/internal/logic/decrstocklogic.go:45.23,48.3 2 0
github.com/aether-defense-system/service/promotion/rpc/internal/logic/decrstocklogic.go:50.2,50.18 1 0
github.com/aether-defense-system/service/promotion/rpc/internal/logic/decrstocklogic.go:50.18,53.3 2 0
github.com/aether-defense-system/service/promotion/rpc/internal/logic/decrstocklogic.go:55.2,62.8 2 0
github.com/aether-defense-system/service/trade/rpc/internal/logic/cancelorderlogic.go:22.93,28.2 1 1
github.com/aether-defense-system/service/trade/rpc/internal/logic/cancelorderlogic.go:39.103,40.16 1 4
github.com/aether-defense-system/service/trade/rpc/internal/logic/cancelorderlogic.go:40.16,43.3 2 1
github.com/aether-defense-system/service/trade/rpc/internal/logic/cancelorderlogic.go:45.2,45.21 1 3
github.com/aether-defense-system/service/trade/rpc/internal/logic/cancelorderlogic.go:45.21,48.3 2 1
github.com/aether-defense-system/service/trade/rpc/internal/logic/cancelorderlogic.go:50.2,50.22 1 2
github.com/aether-defense-system/service/trade/rpc/internal/logic/cancelorderlogic.go:50.22,53.3 2 1
github.com/aether-defense-system/service/trade/rpc/internal/logic/cancelorderlogic.go:55.2,70.8 2 1
github.com/aether-defense-system/service/trade/rpc/internal/logic/placeorderlogic.go:22.91,28.2 1 1
github.com/aether-defense-system/service/trade/rpc/internal/logic/placeorderlogic.go:40.99,42.16 1 6
github.com/aether-defense-system/service/trade/rpc/internal/logic/placeorderlogic.go:42.16,45.3 2 1
github.com/aether-defense-system/service/trade/rpc/internal/logic/placeorderlogic.go:47.2,47.21 1 5
github.com/aether-defense-system/service/trade/rpc/internal/logic/placeorderlogic.go:47.21,50.3 2 1
github.com/aether-defense-system/service/trade/rpc/internal/logic/placeorderlogic.go:52.2,52.22 1 4
github.com/aether-defense-system/service/trade/rpc/internal/logic/placeorderlogic.go:52.22,55.3 2 1
github.com/aether-defense-system/service/trade/rpc/internal/logic/placeorderlogic.go:57.2,57.29 1 3
github.com/aether-defense-system/service/trade/rpc/internal/logic/placeorderlogic.go:57.29,60.3 2 1
github.com/aether-defense-system/service/trade/rpc/internal/logic/placeorderlogic.go:62.2,62.25 1 2
github.com/aether-defense-system/service/trade/rpc/internal/logic/placeorderlogic.go:62.25,65.3 2 1
github.com/aether-defense-system/service/trade/rpc/internal/logic/placeorderlogic.go:72.2,81.8 2 1
github.com/aether-defense-system/service/user/rpc/internal/logic/getuserlogic.go:22.85,28.2 1 0
github.com/aether-defense-system/service/user/rpc/internal/logic/getuserlogic.go:39.87,40.16 1 0
github.com/aether-defense-system/service/user/rpc/internal/logic/getuserlogic.go:40.16,43.3 2 0
github.com/aether-defense-system/service/user/rpc/internal/logic/getuserlogic.go:45.2,45.21 1 0
github.com/aether-defense-system/service/user/rpc/internal/logic/getuserlogic.go:45.21,48.3 2 0
github.com/aether-defense-system/service/user/rpc/internal/logic/getuserlogic.go:50.2,58.8 2 0
github.com/aether-defense-system/service/promotion/rpc/internal/logic/decrstocklogic.go:22.89,28.2 1 0
github.com/aether-defense-system/service/promotion/rpc/internal/logic/decrstocklogic.go:39.95,40.16 1 0
github.com/aether-defense-system/service/promotion/rpc/internal/logic/decrstocklogic.go:40.16,43.3 2 0
github.com/aether-defense-system/service/promotion/rpc/internal/logic/decrstocklogic.go:45.2,45.23 1 0
github.com/aether-defense-system/service/promotion/rpc/internal/logic/decrstocklogic.go:45.23,48.3 2 0
github.com/aether-defense-system/service/promotion/rpc/internal/logic/decrstocklogic.go:50.2,50.18 1 0
github.com/aether-defense-system/service/promotion/rpc/internal/logic/decrstocklogic.go:50.18,53.3 2 0
github.com/aether-defense-system/service/promotion/rpc/internal/logic/decrstocklogic.go:55.2,62.8 2 0
github.com/aether-defense-system/service/trade/rpc/internal/logic/cancelorderlogic.go:22.93,28.2 1 0
github.com/aether-defense-system/service/trade/rpc/internal/logic/cancelorderlogic.go:39.103,40.16 1 0
github.com/aether-defense-system/service/trade/rpc/internal/logic/cancelorderlogic.go:40.16,43.3 2 0
github.com/aether-defense-system/service/trade/rpc/internal/logic/cancelorderlogic.go:45.2,45.21 1 0
github.com/aether-defense-system/service/trade/rpc/internal/logic/cancelorderlogic.go:45.21,48.3 2 0
github.com/aether-defense-system/service/trade/rpc/internal/logic/cancelorderlogic.go:50.2,50.22 1 0
github.com/aether-defense-system/service/trade/rpc/internal/logic/cancelorderlogic.go:50.22,53.3 2 0
github.com/aether-defense-system/service/trade/rpc/internal/logic/cancelorderlogic.go:55.2,70.8 2 0
github.com/aether-defense-system/service/trade/rpc/internal/logic/placeorderlogic.go:22.91,28.2 1 0
github.com/aether-defense-system/service/trade/rpc/internal/logic/placeorderlogic.go:40.99,42.16 1 0
github.com/aether-defense-system/service/trade/rpc/internal/logic/placeorderlogic.go:42.16,45.3 2 0
github.com/aether-defense-system/service/trade/rpc/internal/logic/placeorderlogic.go:47.2,47.21 1 0
github.com/aether-defense-system/service/trade/rpc/internal/logic/placeorderlogic.go:47.21,50.3 2 0
github.com/aether-defense-system/service/trade/rpc/internal/logic/placeorderlogic.go:52.2,52.22 1 0
github.com/aether-defense-system/service/trade/rpc/internal/logic/placeorderlogic.go:52.22,55.3 2 0
github.com/aether-defense-system/service/trade/rpc/internal/logic/placeorderlogic.go:57.2,57.29 1 0
github.com/aether-defense-system/service/trade/rpc/internal/logic/placeorderlogic.go:57.29,60.3 2 0
github.com/aether-defense-system/service/trade/rpc/internal/logic/placeorderlogic.go:62.2,62.25 1 0
github.com/aether-defense-system/service/trade/rpc/internal/logic/placeorderlogic.go:62.25,65.3 2 0
github.com/aether-defense-system/service/trade/rpc/internal/logic/placeorderlogic.go:72.2,81.8 2 0
github.com/aether-defense-system/service/user/rpc/internal/logic/getuserlogic.go:22.85,28.2 1 1
github.com/aether-defense-system/service/user/rpc/internal/logic/getuserlogic.go:39.87,40.16 1 3
github.com/aether-defense-system/service/user/rpc/internal/logic/getuserlogic.go:40.16,43.3 2 1
github.com/aether-defense-system/service/user/rpc/internal/logic/getuserlogic.go:45.2,45.21 1 2
github.com/aether-defense-system/service/user/rpc/internal/logic/getuserlogic.go:45.21,48.3 2 1
github.com/aether-defense-system/service/user/rpc/internal/logic/getuserlogic.go:50.2,58.8 2 1
